<?xml version="1.0" encoding="UTF-8"?>
<testsuite xmlns:xsi="http://www.w3.org/2001/XMLSchema-instance" xsi:noNamespaceSchemaLocation="https://maven.apache.org/surefire/maven-surefire-plugin/xsd/surefire-test-report.xsd" name="net.javaguides.springboot.integration.EmployeeControllerITests" time="8.955" tests="7" errors="0" skipped="0" failures="0">
  <properties>
[...]
</properties>
  <testcase name="givenUpdatedEmployee_whenUpdateEmployee_thenReturnUpdateEmployeeObject" classname="net.javaguides.springboot.integration.EmployeeControllerITests" time="0.228"/>
  <testcase name="givenUpdatedEmployee_whenUpdateEmployee_thenReturn404" classname="net.javaguides.springboot.integration.EmployeeControllerITests" time="0.037"/>
  <testcase name="givenEmployeeId_whenGetEmployeeById_thenReturnEmployeeObject" classname="net.javaguides.springboot.integration.EmployeeControllerITests" time="0.361"/>
  <testcase name="givenEmployeeId_whenDeleteEmployee_thenReturn200" classname="net.javaguides.springboot.integration.EmployeeControllerITests" time="0.001"/>
  <testcase name="givenInvalidEmployeeId_whenGetEmployeeById_thenReturnEmpty" classname="net.javaguides.springboot.integration.EmployeeControllerITests" time="0.003"/>
  <testcase name="givenEmployeeObject_whenCreateEmployee_thenReturnSavedEmployee" classname="net.javaguides.springboot.integration.EmployeeControllerITests" time="0.001"/>
  <testcase name="givenListOfEmployees_whenGetAllEmployees_thenReturnEmployeesList" classname="net.javaguides.springboot.integration.EmployeeControllerITests" time="0.08"/>
</testsuite>